DEBUG 2017-11-30 12:05:47,276: 	 Executing command: 'remake'
DEBUG 2017-11-30 12:05:47,277: 	 Found CRAB cache file /afs/cern.ch/user/m/mguilbau/.crab3
DEBUG 2017-11-30 12:06:00,731: 	 Executing command: 'remake'
DEBUG 2017-11-30 12:06:00,731: 	 Found CRAB cache file /afs/cern.ch/user/m/mguilbau/.crab3
DEBUG 2017-11-30 12:06:12,430: 	 Executing command: 'remake'
DEBUG 2017-11-30 12:06:12,430: 	 Found CRAB cache file /afs/cern.ch/user/m/mguilbau/.crab3
ERROR 2017-11-30 12:06:12,431: 	 Error: Task name does not match the regular expression '^\d{6}_\d{6}_?([^\:]*)\:[a-zA-Z-]+_(crab_)?.+'.
ERROR 2017-11-30 12:06:12,431: 	 Caught exception
Traceback (most recent call last):
  File "/cvmfs/cms.cern.ch/crab3/slc6_amd64_gcc493/cms/crabclient/3.3.1707.patch1/bin/crab", line 160, in <module>
    client()
  File "/cvmfs/cms.cern.ch/crab3/slc6_amd64_gcc493/cms/crabclient/3.3.1707.patch1/bin/crab", line 146, in __call__
    self.cmd = sub_cmd(self.logger, args[1:])
  File "/cvmfs/cms.cern.ch/crab3/slc6_amd64_gcc493/cms/crabclient/3.3.1707.patch1/lib/python2.7/site-packages/CRABClient/Commands/SubCommand.py", line 257, in __init__
    self.validateOptions()
  File "/cvmfs/cms.cern.ch/crab3/slc6_amd64_gcc493/cms/crabclient/3.3.1707.patch1/lib/python2.7/site-packages/CRABClient/Commands/remake.py", line 64, in validateOptions
    raise ConfigurationException(msg)
ConfigurationException: [91mError[0m: Task name does not match the regular expression '^\d{6}_\d{6}_?([^\:]*)\:[a-zA-Z-]+_(crab_)?.+'.
DEBUG 2017-11-30 12:08:24,920: 	 Executing command: 'remake'
DEBUG 2017-11-30 12:08:24,920: 	 Found CRAB cache file /afs/cern.ch/user/m/mguilbau/.crab3
DEBUG 2017-11-30 12:08:24,932: 	 Checking credentials
DEBUG 2017-11-30 12:08:24,933: 	 Found proxy file /tmp/x509up_u56046
DEBUG 2017-11-30 12:08:24,933: 	 Getting proxy life time left
DEBUG 2017-11-30 12:08:26,144: 	 Executing : 
 command : voms-proxy-info -file /tmp/x509up_u56046 -timeleft
 output : 42978

 error: 
 retcode : 0
DEBUG 2017-11-30 12:08:26,852: 	 Executing : 
 command : voms-proxy-info -file /tmp/x509up_u56046 -actimeleft
 output : 
 error: No VOMS attributes found!

 retcode : 1
DEBUG 2017-11-30 12:08:26,852: 	 Proxy valid for 00:00:00 hours
DEBUG 2017-11-30 12:08:26,852: 	 Creating new proxy for 24:00 hours with VO group '' and VO role 'NULL'.
DEBUG 2017-11-30 12:08:35,514: 	 Executing : 
 command : voms-proxy-init -voms cms:/cms -valid 24:00 -rfc
 output : None
 error: None
 retcode : 0
DEBUG 2017-11-30 12:08:36,323: 	 Executing : 
 command : voms-proxy-info -file /tmp/x509up_u56046 -timeleft
 output : 86398

 error: 
 retcode : 0
DEBUG 2017-11-30 12:08:37,134: 	 Executing : 
 command : voms-proxy-info -file /tmp/x509up_u56046 -actimeleft
 output : 86397

 error: 
 retcode : 0
DEBUG 2017-11-30 12:08:37,740: 	 Executing : 
 command : env X509_USER_PROXY=/tmp/x509up_u56046 voms-proxy-info -fqan
 output : /cms/Role=NULL/Capability=NULL

 error: 
 retcode : 0
DEBUG 2017-11-30 12:08:37,740: 	 Proxy created.
DEBUG 2017-11-30 12:08:37,850: 	 Executing : 
 command : openssl x509 -in ~/.globus/usercert.pem -subject -noout
 output : subject= /DC=ch/DC=cern/OU=Organic Units/OU=Users/CN=mguilbau/CN=706810/CN=Maxime Guilbaud

 error: 
 retcode : 0
DEBUG 2017-11-30 12:08:37,850: 	 Checking credentials
DEBUG 2017-11-30 12:08:37,850: 	 Found proxy file /tmp/x509up_u56046
DEBUG 2017-11-30 12:08:37,850: 	 Getting proxy life time left
DEBUG 2017-11-30 12:08:38,455: 	 Executing : 
 command : voms-proxy-info -file /tmp/x509up_u56046 -timeleft
 output : 86396

 error: 
 retcode : 0
DEBUG 2017-11-30 12:08:39,161: 	 Executing : 
 command : voms-proxy-info -file /tmp/x509up_u56046 -actimeleft
 output : 86395

 error: 
 retcode : 0
DEBUG 2017-11-30 12:08:39,162: 	 Proxy valid for 23:59:56 hours
DEBUG 2017-11-30 12:08:39,581: 	 Registering user credentials for server /DC=ch/DC=cern/OU=computers/CN=vocms(045|052|021|031|0118|0118a|0119|0108|0105|0109).cern.ch
DEBUG 2017-11-30 12:08:39,691: 	 Executing : 
 command : openssl x509 -in ~/.globus/usercert.pem -subject -noout
 output : subject= /DC=ch/DC=cern/OU=Organic Units/OU=Users/CN=mguilbau/CN=706810/CN=Maxime Guilbaud

 error: 
 retcode : 0
DEBUG 2017-11-30 12:08:39,691: 	 Getting myproxy life time left for myproxy.cern.ch
DEBUG 2017-11-30 12:08:39,691: 	 Calculating hash of /DC=ch/DC=cern/OU=Organic Units/OU=Users/CN=mguilbau/CN=706810/CN=Maxime Guilbaud_cmsweb.cern.ch for credential name
DEBUG 2017-11-30 12:08:39,997: 	 Executing : 
 command : myproxy-info -l ceacc3fa5b05f1692e56a22f8a1a4ab471546649 -s myproxy.cern.ch
 output : username: ceacc3fa5b05f1692e56a22f8a1a4ab471546649
owner: /DC=ch/DC=cern/OU=Organic Units/OU=Users/CN=mguilbau/CN=706810/CN=Maxime Guilbaud
  renewal policy: /DC=ch/DC=cern/OU=computers/CN=vocms(045|052|021|031|0118|0118a|0119|0108|0105|0109).cern.ch
  trusted retrieval policy: /DC=ch/DC=cern/OU=computers/CN=vocms(045|052|021|031|0118|0118a|0119|0108|0105|0109).cern.ch
  timeleft: 432:05:48  (18.0 days)

 error: 
 retcode : 0
DEBUG 2017-11-30 12:08:39,998: 	 Myproxy is valid: 1555548
DEBUG 2017-11-30 12:08:39,998: 	 Command use: remake
DEBUG 2017-11-30 12:08:39,998: 	 Options use: ['--task=171129_101353:mguilbau_crab_pPb2016_Pbp_cumulants_std_b20_v10']
DEBUG 2017-11-30 12:08:40,388: 	 CRABClient version: 3.3.1707.patch1
DEBUG 2017-11-30 12:08:40,388: 	 Instance is prod
DEBUG 2017-11-30 12:08:40,388: 	 Server base url is cmsweb.cern.ch
DEBUG 2017-11-30 12:08:40,388: 	 Command url /crabserver/prod/workflow
INFO 2017-11-30 12:08:40,388: 	 Remaking crab_pPb2016_Pbp_cumulants_std_b20_v10 folder.
INFO 2017-11-30 12:08:40,399: 	 Remaking .requestcache file.
INFO 2017-11-30 12:08:40,404: 	 Success: Finished remaking project directory crab_pPb2016_Pbp_cumulants_std_b20_v10
INFO 2017-11-30 12:08:40,418: 	 Log file is /afs/cern.ch/user/m/mguilbau/AnalyzerForWei/CMSSW_8_0_24/src/Analyzers/Cumulants/crab/CumulantMB/crab.log
