DEBUG 2017-11-30 01:50:49,764: 	 Executing command: 'submit'
DEBUG 2017-11-30 01:50:49,764: 	 Found CRAB cache file /afs/cern.ch/user/m/mguilbau/.crab3
DEBUG 2017-11-30 01:50:49,772: 	 Checking credentials
DEBUG 2017-11-30 01:50:49,773: 	 Found proxy file /tmp/x509up_u56046
DEBUG 2017-11-30 01:50:49,773: 	 Getting proxy life time left
DEBUG 2017-11-30 01:50:50,376: 	 Executing : 
 command : voms-proxy-info -file /tmp/x509up_u56046 -timeleft
 output : 83421

 error: 
 retcode : 0
DEBUG 2017-11-30 01:50:50,985: 	 Executing : 
 command : voms-proxy-info -file /tmp/x509up_u56046 -actimeleft
 output : 83421

 error: 
 retcode : 0
DEBUG 2017-11-30 01:50:50,986: 	 Proxy valid for 23:10:21 hours
DEBUG 2017-11-30 01:50:50,991: 	 Will use CRAB Analysis plugin (i.e. will run an analysis job type).
DEBUG 2017-11-30 01:50:51,144: 	 Executing : 
 command : openssl x509 -in ~/.globus/usercert.pem -subject -noout
 output : subject= /DC=ch/DC=cern/OU=Organic Units/OU=Users/CN=mguilbau/CN=706810/CN=Maxime Guilbaud

 error: 
 retcode : 0
DEBUG 2017-11-30 01:50:51,145: 	 Checking credentials
DEBUG 2017-11-30 01:50:51,147: 	 Found proxy file /tmp/x509up_u56046
DEBUG 2017-11-30 01:50:51,147: 	 Getting proxy life time left
DEBUG 2017-11-30 01:50:51,753: 	 Executing : 
 command : voms-proxy-info -file /tmp/x509up_u56046 -timeleft
 output : 83420

 error: 
 retcode : 0
DEBUG 2017-11-30 01:50:52,458: 	 Executing : 
 command : voms-proxy-info -file /tmp/x509up_u56046 -actimeleft
 output : 83419

 error: 
 retcode : 0
DEBUG 2017-11-30 01:50:52,459: 	 Proxy valid for 23:10:20 hours
DEBUG 2017-11-30 01:50:53,064: 	 Executing : 
 command : env X509_USER_PROXY=/tmp/x509up_u56046 voms-proxy-info -fqan
 output : /cms/Role=NULL/Capability=NULL

 error: 
 retcode : 0
DEBUG 2017-11-30 01:50:53,473: 	 Registering user credentials for server /DC=ch/DC=cern/OU=computers/CN=vocms(045|052|021|031|0118|0118a|0119|0108|0105|0109).cern.ch
DEBUG 2017-11-30 01:50:53,583: 	 Executing : 
 command : openssl x509 -in ~/.globus/usercert.pem -subject -noout
 output : subject= /DC=ch/DC=cern/OU=Organic Units/OU=Users/CN=mguilbau/CN=706810/CN=Maxime Guilbaud

 error: 
 retcode : 0
DEBUG 2017-11-30 01:50:53,583: 	 Getting myproxy life time left for myproxy.cern.ch
DEBUG 2017-11-30 01:50:53,583: 	 Calculating hash of /DC=ch/DC=cern/OU=Organic Units/OU=Users/CN=mguilbau/CN=706810/CN=Maxime Guilbaud_cmsweb.cern.ch for credential name
DEBUG 2017-11-30 01:50:53,789: 	 Executing : 
 command : myproxy-info -l ceacc3fa5b05f1692e56a22f8a1a4ab471546649 -s myproxy.cern.ch
 output : username: ceacc3fa5b05f1692e56a22f8a1a4ab471546649
owner: /DC=ch/DC=cern/OU=Organic Units/OU=Users/CN=mguilbau/CN=706810/CN=Maxime Guilbaud
  renewal policy: /DC=ch/DC=cern/OU=computers/CN=vocms(045|052|021|031|0118|0118a|0119|0108|0105|0109).cern.ch
  trusted retrieval policy: /DC=ch/DC=cern/OU=computers/CN=vocms(045|052|021|031|0118|0118a|0119|0108|0105|0109).cern.ch
  timeleft: 442:23:34  (18.4 days)

 error: 
 retcode : 0
DEBUG 2017-11-30 01:50:53,790: 	 Myproxy is valid: 1592614
DEBUG 2017-11-30 01:50:53,790: 	 Command use: submit
DEBUG 2017-11-30 01:50:53,790: 	 Options use: ['--config', <WMCore.Configuration.Configuration object at 0x26d0f10>]
DEBUG 2017-11-30 01:50:54,325: 	 CRABClient version: 3.3.1707.patch1
DEBUG 2017-11-30 01:50:54,325: 	 Instance is prod
DEBUG 2017-11-30 01:50:54,325: 	 Server base url is cmsweb.cern.ch
DEBUG 2017-11-30 01:50:54,325: 	 Command url /crabserver/prod/workflow
DEBUG 2017-11-30 01:50:54,325: 	 Started submission
DEBUG 2017-11-30 01:50:54,325: 	 Working on /afs/cern.ch/user/m/mguilbau/AnalyzerForWei/CMSSW_7_5_8_patch3/src/Analyzers/Cumulants/crab/CumulantMB/crab_PbPbppRereco2015_TrkOnly_cumulants_std_b5_v10
DEBUG 2017-11-30 01:50:54,758: 	 Loading required information from the environment
DEBUG 2017-11-30 01:50:54,758: 	 Found CMSSW_7_5_8_patch3 for slc6_amd64_gcc491 with base /afs/cern.ch/user/m/mguilbau/AnalyzerForWei/CMSSW_7_5_8_patch3
DEBUG 2017-11-30 01:50:54,758: 	 Loading required information from the environment
DEBUG 2017-11-30 01:50:54,758: 	 Found CMSSW_7_5_8_patch3 for slc6_amd64_gcc491 with base /afs/cern.ch/user/m/mguilbau/AnalyzerForWei/CMSSW_7_5_8_patch3
DEBUG 2017-11-30 01:50:54,771: 	 UNIQUE NAME: tarUUID daefc566-a3b2-4b66-bc48-b9ef2fa86092 
DEBUG 2017-11-30 01:50:54,772: 	 self.config: from WMCore.Configuration import Configuration
config = Configuration()
config.section_('General')
config.General.transferLogs = False
config.General.transferOutputs = True
config.General.workArea = 'CumulantMB'
config.General.requestName = 'PbPbppRereco2015_TrkOnly_cumulants_std_b5_v10'
config.section_('JobType')
config.JobType.psetName = '../cfg/cumulants_std_cfg.py'
config.JobType.pluginName = 'Analysis'
config.JobType.maxJobRuntimeMin = 2850
config.JobType.maxMemoryMB = 2500
config.section_('Data')
config.Data.inputDataset = '/HIMinimumBias5/HIRun2015-02May2016-v1/AOD'
config.Data.outputDatasetTag = 'RecoSkimPbPbppRereco2015_TrkOnly_MB5_cumulants_std_v10'
config.Data.publication = False
config.Data.unitsPerJob = 5
config.Data.splitting = 'LumiBased'
config.Data.lumiMask = 'Cert_263685-263757_PromptReco_HICollisions15_TrackerOnly_JSON.txt'
config.Data.outLFNDirBase = '/store/group/phys_heavyions/flowcorr/SubCumu/'
config.Data.totalUnits = -1
config.section_('Site')
config.Site.storageSite = 'T2_CH_CERN'
config.section_('User')
config.section_('Debug')

DEBUG 2017-11-30 01:50:54,772: 	 self.config.JobType.psetName: ../cfg/cumulants_std_cfg.py
INFO 2017-11-30 01:50:54,773: 	 Importing CMSSW configuration ../cfg/cumulants_std_cfg.py
INFO 2017-11-30 01:50:54,793: 	 Finished importing CMSSW configuration ../cfg/cumulants_std_cfg.py
DEBUG 2017-11-30 01:50:54,794: 	 Writing CMSSW configuration to /afs/cern.ch/user/m/mguilbau/AnalyzerForWei/CMSSW_7_5_8_patch3/src/Analyzers/Cumulants/crab/CumulantMB/crab_PbPbppRereco2015_TrkOnly_cumulants_std_b5_v10/inputs/PSet.py
DEBUG 2017-11-30 01:50:54,952: 	 The following EDM output files will be collected: []
DEBUG 2017-11-30 01:50:54,953: 	 The following TFile output files will be collected: ['cumulants_std.root']
DEBUG 2017-11-30 01:50:54,953: 	 The following user output files will be collected: []
DEBUG 2017-11-30 01:50:54,953: 	 Loading required information from the environment
DEBUG 2017-11-30 01:50:54,953: 	 Found CMSSW_7_5_8_patch3 for slc6_amd64_gcc491 with base /afs/cern.ch/user/m/mguilbau/AnalyzerForWei/CMSSW_7_5_8_patch3
DEBUG 2017-11-30 01:50:54,953: 	 Making tarball in /afs/cern.ch/user/m/mguilbau/AnalyzerForWei/CMSSW_7_5_8_patch3/src/Analyzers/Cumulants/crab/CumulantMB/crab_PbPbppRereco2015_TrkOnly_cumulants_std_b5_v10/inputs/daefc566-a3b2-4b66-bc48-b9ef2fa86092default.tgz
DEBUG 2017-11-30 01:50:54,954: 	 Checking directory /afs/cern.ch/user/m/mguilbau/AnalyzerForWei/CMSSW_7_5_8_patch3/lib
DEBUG 2017-11-30 01:50:54,954: 	 Adding directory /afs/cern.ch/user/m/mguilbau/AnalyzerForWei/CMSSW_7_5_8_patch3/lib to tarball
DEBUG 2017-11-30 01:50:55,508: 	 Checking directory /afs/cern.ch/user/m/mguilbau/AnalyzerForWei/CMSSW_7_5_8_patch3/biglib
DEBUG 2017-11-30 01:50:55,508: 	 Adding directory /afs/cern.ch/user/m/mguilbau/AnalyzerForWei/CMSSW_7_5_8_patch3/biglib to tarball
DEBUG 2017-11-30 01:50:55,509: 	 Checking directory /afs/cern.ch/user/m/mguilbau/AnalyzerForWei/CMSSW_7_5_8_patch3/module
DEBUG 2017-11-30 01:50:55,512: 	 Adding data directory /afs/cern.ch/user/m/mguilbau/AnalyzerForWei/CMSSW_7_5_8_patch3/src/Analyzers/ChargeDepAndPtCorr/data to tarball
DEBUG 2017-11-30 01:50:55,520: 	 Adding data directory /afs/cern.ch/user/m/mguilbau/AnalyzerForWei/CMSSW_7_5_8_patch3/src/Analyzers/ChargeDepAndPtCorr/interface to tarball
DEBUG 2017-11-30 01:50:55,522: 	 Adding data directory /afs/cern.ch/user/m/mguilbau/AnalyzerForWei/CMSSW_7_5_8_patch3/src/Analyzers/Cumulants/data to tarball
DEBUG 2017-11-30 01:50:55,529: 	 Adding data directory /afs/cern.ch/user/m/mguilbau/AnalyzerForWei/CMSSW_7_5_8_patch3/src/Analyzers/Cumulants/interface to tarball
DEBUG 2017-11-30 01:50:55,718: 	 Adding data directory /afs/cern.ch/user/m/mguilbau/AnalyzerForWei/CMSSW_7_5_8_patch3/src/Analyzers/NtrkDistribution/data to tarball
DEBUG 2017-11-30 01:50:55,723: 	 Adding data directory /afs/cern.ch/user/m/mguilbau/AnalyzerForWei/CMSSW_7_5_8_patch3/src/Analyzers/NtrkDistribution/interface to tarball
DEBUG 2017-11-30 01:50:55,775: 	 Uploading archive /afs/cern.ch/user/m/mguilbau/AnalyzerForWei/CMSSW_7_5_8_patch3/src/Analyzers/Cumulants/crab/CumulantMB/crab_PbPbppRereco2015_TrkOnly_cumulants_std_b5_v10/inputs/daefc566-a3b2-4b66-bc48-b9ef2fa86092default.tgz (0.888672.1 MB) to the CRAB cache. Using URI https://cmsweb.cern.ch/crabcache
DEBUG 2017-11-30 01:50:56,452: 	 Loading required information from the environment
DEBUG 2017-11-30 01:50:56,452: 	 Found CMSSW_7_5_8_patch3 for slc6_amd64_gcc491 with base /afs/cern.ch/user/m/mguilbau/AnalyzerForWei/CMSSW_7_5_8_patch3
DEBUG 2017-11-30 01:50:56,452: 	 Making tarball in /afs/cern.ch/user/m/mguilbau/AnalyzerForWei/CMSSW_7_5_8_patch3/src/Analyzers/Cumulants/crab/CumulantMB/crab_PbPbppRereco2015_TrkOnly_cumulants_std_b5_v10/inputs/debugFiles.tgz
DEBUG 2017-11-30 01:50:56,481: 	 Uploading archive /afs/cern.ch/user/m/mguilbau/AnalyzerForWei/CMSSW_7_5_8_patch3/src/Analyzers/Cumulants/crab/CumulantMB/crab_PbPbppRereco2015_TrkOnly_cumulants_std_b5_v10/inputs/debugFiles.tgz (2 KB) to the CRAB cache. Using URI https://cmsweb.cern.ch/crabcache
DEBUG 2017-11-30 01:50:56,850: 	 Result uploading input files: 8c73bd8157f4e6b2bbbc516d7b7d1d0ff4f0de0f848dbaa607a3c7ff2901a986.tar.gz 
DEBUG 2017-11-30 01:50:56,850: 	 Attaching lumi mask Cert_263685-263757_PromptReco_HICollisions15_TrackerOnly_JSON.txt to the request
DEBUG 2017-11-30 01:50:56,851: 	 Reading lumi-mask from Cert_263685-263757_PromptReco_HICollisions15_TrackerOnly_JSON.txt
INFO 2017-11-30 01:50:56,851: 	 Sending the request to the server
DEBUG 2017-11-30 01:50:56,851: 	 Submitting {'maxjobruntime': 2850, 'extrajdl': [], 'ignorelocality': 0, 'savelogsflag': 0, 'useparent': 0, 'asyncdest': 'T2_CH_CERN', 'algoargs': 5, 'cachefilename': '8c73bd8157f4e6b2bbbc516d7b7d1d0ff4f0de0f848dbaa607a3c7ff2901a986.tar.gz', 'numcores': 1, 'addoutputfiles': [], 'generator': 'pythia', 'maxmemory': 2500, 'publishdbsurl': 'https://cmsweb.cern.ch/dbs/prod/phys03/DBSWriter', 'priority': 10, 'jobsw': 'CMSSW_7_5_8_patch3', 'edmoutfiles': [], 'userfiles': [], 'primarydataset': '', 'inputdata': '/HIMinimumBias5/HIRun2015-02May2016-v1/AOD', 'lfn': '/store/group/phys_heavyions/flowcorr/SubCumu/', 'dryrun': 0, 'workflow': 'crab_PbPbppRereco2015_TrkOnly_cumulants_std_b5_v10', 'cacheurl': u'https://cmsweb.cern.ch/crabcache', 'runs': [u'263685', u'263686', u'263689', u'263718', u'263728', u'263729', u'263742', u'263743', u'263744', u'263745', u'263757'], 'lumis': ['83,914', '1,3', '1,146', '80,573', '3,264', '4,204', '9,89', '1,67', '1,93', '1,443', '85,1769'], 'nonprodsw': 0, 'tfileoutfiles': ['cumulants_std.root'], 'oneEventMode': 0, 'debugfilename': '3b644f3ad5d7632dc31ef9104b1eded71032a74004b4b9f9459140a3cf31d992.tar.gz', 'saveoutput': 1, 'publication': 0, 'jobarch': 'slc6_amd64_gcc491', 'totalunits': -1, 'splitalgo': 'LumiBased', 'ignoreglobalblacklist': 0, 'nonvaliddata': 0, 'dbsurl': 'https://cmsweb.cern.ch/dbs/prod/global/DBSReader', 'publishgroupname': 0, 'jobtype': 'Analysis', 'publishname2': 'RecoSkimPbPbppRereco2015_TrkOnly_MB5_cumulants_std_v10'} 
DEBUG 2017-11-30 01:50:56,851: 	 Encoded submit request: maxjobruntime=2850&ignorelocality=0&savelogsflag=0&useparent=0&asyncdest=T2_CH_CERN&algoargs=5&cachefilename=8c73bd8157f4e6b2bbbc516d7b7d1d0ff4f0de0f848dbaa607a3c7ff2901a986.tar.gz&numcores=1&generator=pythia&maxmemory=2500&publishdbsurl=https%3A%2F%2Fcmsweb.cern.ch%2Fdbs%2Fprod%2Fphys03%2FDBSWriter&priority=10&jobsw=CMSSW_7_5_8_patch3&primarydataset=&inputdata=%2FHIMinimumBias5%2FHIRun2015-02May2016-v1%2FAOD&lfn=%2Fstore%2Fgroup%2Fphys_heavyions%2Fflowcorr%2FSubCumu%2F&dryrun=0&workflow=crab_PbPbppRereco2015_TrkOnly_cumulants_std_b5_v10&cacheurl=https%3A%2F%2Fcmsweb.cern.ch%2Fcrabcache&nonprodsw=0&oneEventMode=0&debugfilename=3b644f3ad5d7632dc31ef9104b1eded71032a74004b4b9f9459140a3cf31d992.tar.gz&saveoutput=1&publication=0&jobarch=slc6_amd64_gcc491&totalunits=-1&splitalgo=LumiBased&ignoreglobalblacklist=0&nonvaliddata=0&dbsurl=https%3A%2F%2Fcmsweb.cern.ch%2Fdbs%2Fprod%2Fglobal%2FDBSReader&publishgroupname=0&jobtype=Analysis&publishname2=RecoSkimPbPbppRereco2015_TrkOnly_MB5_cumulants_std_v10&tfileoutfiles=cumulants_std.root&runs=263685&runs=263686&runs=263689&runs=263718&runs=263728&runs=263729&runs=263742&runs=263743&runs=263744&runs=263745&runs=263757&lumis=83%2C914&lumis=1%2C3&lumis=1%2C146&lumis=80%2C573&lumis=3%2C264&lumis=4%2C204&lumis=9%2C89&lumis=1%2C67&lumis=1%2C93&lumis=1%2C443&lumis=85%2C1769
DEBUG 2017-11-30 01:50:58,251: 	 Result: {u'result': [{u'RequestName': u'171130_005057:mguilbau_crab_PbPbppRereco2015_TrkOnly_cumulants_std_b5_v10'}]}
INFO 2017-11-30 01:50:58,254: 	 Success: Your task has been delivered to the CRAB3 server.
INFO 2017-11-30 01:50:58,254: 	 Task name: 171130_005057:mguilbau_crab_PbPbppRereco2015_TrkOnly_cumulants_std_b5_v10
INFO 2017-11-30 01:50:58,254: 	 Please use 'crab status' to check how the submission process proceeds.
DEBUG 2017-11-30 01:50:58,254: 	 About to return
DEBUG 2017-11-30 02:24:09,258: 	 Executing command: 'status'
DEBUG 2017-11-30 02:24:09,259: 	 Found CRAB cache file /afs/cern.ch/user/m/mguilbau/.crab3
DEBUG 2017-11-30 02:24:09,265: 	 Checking credentials
DEBUG 2017-11-30 02:24:09,265: 	 Found proxy file /tmp/x509up_u56046
DEBUG 2017-11-30 02:24:09,265: 	 Getting proxy life time left
DEBUG 2017-11-30 02:24:09,969: 	 Executing : 
 command : voms-proxy-info -file /tmp/x509up_u56046 -timeleft
 output : 81422

 error: 
 retcode : 0
DEBUG 2017-11-30 02:24:10,676: 	 Executing : 
 command : voms-proxy-info -file /tmp/x509up_u56046 -actimeleft
 output : 81421

 error: 
 retcode : 0
DEBUG 2017-11-30 02:24:10,676: 	 Proxy valid for 22:37:02 hours
DEBUG 2017-11-30 02:24:10,864: 	 Executing : 
 command : openssl x509 -in ~/.globus/usercert.pem -subject -noout
 output : subject= /DC=ch/DC=cern/OU=Organic Units/OU=Users/CN=mguilbau/CN=706810/CN=Maxime Guilbaud

 error: 
 retcode : 0
DEBUG 2017-11-30 02:24:10,865: 	 Checking credentials
DEBUG 2017-11-30 02:24:10,866: 	 Found proxy file /tmp/x509up_u56046
DEBUG 2017-11-30 02:24:10,866: 	 Getting proxy life time left
DEBUG 2017-11-30 02:24:11,475: 	 Executing : 
 command : voms-proxy-info -file /tmp/x509up_u56046 -timeleft
 output : 81420

 error: 
 retcode : 0
DEBUG 2017-11-30 02:24:12,081: 	 Executing : 
 command : voms-proxy-info -file /tmp/x509up_u56046 -actimeleft
 output : 81419

 error: 
 retcode : 0
DEBUG 2017-11-30 02:24:12,081: 	 Proxy valid for 22:37:00 hours
DEBUG 2017-11-30 02:24:12,626: 	 Registering user credentials for server /DC=ch/DC=cern/OU=computers/CN=vocms(045|052|021|031|0118|0118a|0119|0108|0105|0109).cern.ch
DEBUG 2017-11-30 02:24:12,736: 	 Executing : 
 command : openssl x509 -in ~/.globus/usercert.pem -subject -noout
 output : subject= /DC=ch/DC=cern/OU=Organic Units/OU=Users/CN=mguilbau/CN=706810/CN=Maxime Guilbaud

 error: 
 retcode : 0
DEBUG 2017-11-30 02:24:12,737: 	 Getting myproxy life time left for myproxy.cern.ch
DEBUG 2017-11-30 02:24:12,737: 	 Calculating hash of /DC=ch/DC=cern/OU=Organic Units/OU=Users/CN=mguilbau/CN=706810/CN=Maxime Guilbaud_cmsweb.cern.ch for credential name
DEBUG 2017-11-30 02:24:12,941: 	 Executing : 
 command : myproxy-info -l ceacc3fa5b05f1692e56a22f8a1a4ab471546649 -s myproxy.cern.ch
 output : username: ceacc3fa5b05f1692e56a22f8a1a4ab471546649
owner: /DC=ch/DC=cern/OU=Organic Units/OU=Users/CN=mguilbau/CN=706810/CN=Maxime Guilbaud
  renewal policy: /DC=ch/DC=cern/OU=computers/CN=vocms(045|052|021|031|0118|0118a|0119|0108|0105|0109).cern.ch
  trusted retrieval policy: /DC=ch/DC=cern/OU=computers/CN=vocms(045|052|021|031|0118|0118a|0119|0108|0105|0109).cern.ch
  timeleft: 441:50:15  (18.4 days)

 error: 
 retcode : 0
DEBUG 2017-11-30 02:24:12,943: 	 Myproxy is valid: 1590615
DEBUG 2017-11-30 02:24:12,944: 	 Command use: status
DEBUG 2017-11-30 02:24:12,944: 	 Options use: ['-d', 'CumulantMB/crab_PbPbppRereco2015_TrkOnly_cumulants_std_b5_v10']
DEBUG 2017-11-30 02:24:13,427: 	 CRABClient version: 3.3.1707.patch1
DEBUG 2017-11-30 02:24:13,427: 	 Instance is prod
DEBUG 2017-11-30 02:24:13,427: 	 Server base url is cmsweb.cern.ch
DEBUG 2017-11-30 02:24:13,427: 	 Command url /crabserver/prod/workflow
DEBUG 2017-11-30 02:24:14,091: 	 Got information from server oracle database: {u'result': [u'171130_005057:mguilbau_crab_PbPbppRereco2015_TrkOnly_cumulants_std_b5_v10', u'None', u'NEW', u'2017-11-30 00:50:57.715472', u'None', u'None', u'None', u'CMSSW_7_5_8_patch3', u'slc6_amd64_gcc491', u'/HIMinimumBias5/HIRun2015-02May2016-v1/AOD', u'[]', u'[]', u'LumiBased', u"{'splitOnRun': False, 'halt_job_on_file_boundaries': False, 'lumis': ['83,914', '1,3', '1,146', '80,573', '3,264', '4,204', '9,89', '1,67', '1,93', '1,443', '85,1769'], 'runs': ['263685', '263686', '263689', '263718', '263728', '263729', '263742', '263743', '263744', '263745', '263757'], 'lumis_per_job': 5}", u'-1', u'8c73bd8157f4e6b2bbbc516d7b7d1d0ff4f0de0f848dbaa607a3c7ff2901a986.tar.gz', u'https://cmsweb.cern.ch/crabcache', u'mguilbau', u'/DC=ch/DC=cern/OU=Organic Units/OU=Users/CN=mguilbau/CN=706810/CN=Maxime Guilbaud', u'cms', u'None', u'None', u'RecoSkimPbPbppRereco2015_TrkOnly_MB5_cumulants_std_v10-00000000000000000000000000000000', u'T2_CH_CERN', u'https://cmsweb.cern.ch/dbs/prod/global/DBSReader', u'https://cmsweb.cern.ch/dbs/prod/phys03/DBSWriter', u'F', u'Analysis', u'{}', u'[]', u'F', u'None', u'[]', u'2850', u'1', u'2500', u'10', u'None', u'None', u'None', u'None', u'[]', u'[]', u'[]', u'pythia', u'[]', u"['cumulants_std.root']", u'[]', u'https://cmsweb.cern.ch/crabserver/prod', u'None', u'0', u'cmsgwms-collector-global.cern.ch:9620,cmssrv221.fnal.gov:9620', u'None', u'F', u'[]', u'T', u'/store/group/phys_heavyions/flowcorr/SubCumu/', u'F', u'None', u'F', u'F', u'F', u'None', u'HIMinimumBias5', u'filetransfers', u'SUBMIT', u'None', u'3b644f3ad5d7632dc31ef9104b1eded71032a74004b4b9f9459140a3cf31d992.tar.gz', u'188.184.95.191', u'F', u'None'], u'desc': {u'columns': [u'tm_taskname', u'panda_jobset_id', u'tm_task_status', u'tm_start_time', u'tm_start_injection', u'tm_end_injection', u'tm_task_failure', u'tm_job_sw', u'tm_job_arch', u'tm_input_dataset', u'tm_site_whitelist', u'tm_site_blacklist', u'tm_split_algo', u'tm_split_args', u'tm_totalunits', u'tm_user_sandbox', u'tm_cache_url', u'tm_username', u'tm_user_dn', u'tm_user_vo', u'tm_user_role', u'tm_user_group', u'tm_publish_name', u'tm_asyncdest', u'tm_dbs_url', u'tm_publish_dbs_url', u'tm_publication', u'tm_job_type', u'tm_arguments', u'panda_resubmitted_jobs', u'tm_save_logs', u'tw_name', u'tm_user_infiles', u'tm_maxjobruntime', u'tm_numcores', u'tm_maxmemory', u'tm_priority', u'tm_output_dataset', u'tm_user_webdir', u'tm_activity', u'tm_scriptexe', u'tm_scriptargs', u'tm_extrajdl', u'tm_task_warnings', u'tm_generator', u'tm_outfiles', u'tm_tfile_outfiles', u'tm_edm_outfiles', u'tm_asourl', u'tm_events_per_lumi', u'tm_use_parent', u'tm_collector', u'tm_schedd', u'tm_dry_run', u'tm_user_files', u'tm_transfer_outputs', u'tm_output_lfn', u'tm_ignore_locality', u'tm_fail_limit', u'tm_one_event_mode', u'tm_publish_groupname', u'tm_nonvalid_input_dataset', u'tm_secondary_input_dataset', u'tm_primary_dataset', u'tm_asodb', u'tm_task_command', u'clusterid', u'tm_debug_files', u'tm_submitter_ip_addr', u'tm_ignore_global_blacklist', u'tm_last_publication']}}
INFO 2017-11-30 02:24:14,092: 	 CRAB project directory:		/afs/cern.ch/user/m/mguilbau/AnalyzerForWei/CMSSW_7_5_8_patch3/src/Analyzers/Cumulants/crab/CumulantMB/crab_PbPbppRereco2015_TrkOnly_cumulants_std_b5_v10
INFO 2017-11-30 02:24:14,092: 	 Task name:			171130_005057:mguilbau_crab_PbPbppRereco2015_TrkOnly_cumulants_std_b5_v10
INFO 2017-11-30 02:24:14,092: 	 Status on the CRAB server:	NEW on command SUBMIT
INFO 2017-11-30 02:24:14,092: 	 Task URL to use for HELP:	https://cmsweb.cern.ch/crabserver/ui/task/171130_005057%3Amguilbau_crab_PbPbppRereco2015_TrkOnly_cumulants_std_b5_v10
DEBUG 2017-11-30 02:24:14,092: 	 The task has not been submitted to the Grid scheduler yet. Not printing job information.
INFO 2017-11-30 02:24:14,130: 	 Log file is /afs/cern.ch/user/m/mguilbau/AnalyzerForWei/CMSSW_7_5_8_patch3/src/Analyzers/Cumulants/crab/CumulantMB/crab_PbPbppRereco2015_TrkOnly_cumulants_std_b5_v10/crab.log
